<?xml version="1.0" encoding="UTF-8"?>
<!-- Generated by org.testng.reporters.JUnitXMLReporter -->
<testsuite hostname="WINDOWS-8JREQPE" ignored="0" name="Default test" tests="3" failures="0" timestamp="2020-05-28T23:03:43 EDT" time="0.079" errors="0">
  <testcase name="test1" time="0.015" classname="com.class04.MyListenerDeneme"/>
  <testcase name="test2" time="0.001" classname="com.class04.MyListenerDeneme"/>
  <testcase name="test3" time="0.001" classname="com.class04.MyListenerDeneme"/>
</testsuite> <!-- Default test -->
