<?xml version="1.0" encoding="UTF-8"?>
<!-- Generated by org.testng.reporters.JUnitXMLReporter -->
<testsuite hostname="WINDOWS-8JREQPE" ignored="0" name="Regression Test" tests="3" failures="2" timestamp="2020-05-28T12:27:14 EDT" time="0.116" errors="0">
  <testcase name="test1" time="0.018" classname="com.class04.ListenersDemo">
    <failure type="java.lang.AssertionError" message="expected [true] but found [false]">
      <![CDATA[java.lang.AssertionError: expected [true] but found [false]
at com.class04.ListenersDemo.test1(ListenersDemo.java:11)
at java.util.ArrayList.forEach(Unknown Source)
... Removed 31 stack frames]]>
    </failure>
  </testcase> <!-- test1 -->
  <testcase name="test2" time="0.002" classname="com.class04.ListenersDemo"/>
  <testcase name="test3" time="0.001" classname="com.class04.ListenersDemo">
    <failure type="java.lang.AssertionError" message="expected [true] but found [false]">
      <![CDATA[java.lang.AssertionError: expected [true] but found [false]
at com.class04.ListenersDemo.test3(ListenersDemo.java:22)
at java.util.ArrayList.forEach(Unknown Source)
... Removed 31 stack frames]]>
    </failure>
  </testcase> <!-- test3 -->
</testsuite> <!-- Regression Test -->
