<?xml version="1.0" encoding="UTF-8"?>
<testng-results skipped="0" failed="1" ignored="0" total="2" passed="1">
  <reporter-output>
  </reporter-output>
  <suite name="Suite" duration-ms="51659" started-at="2020-05-28T23:42:31 EDT" finished-at="2020-05-28T23:43:23 EDT">
    <groups>
    </groups>
    <test name="Test" duration-ms="51659" started-at="2020-05-28T23:42:31 EDT" finished-at="2020-05-28T23:43:23 EDT">
      <class name="com.class04.MyListenerDeneme">
        <test-method status="PASS" signature="setUp()[pri:0, instance:com.class04.MyListenerDeneme@7f13d6e]" name="setUp" is-config="true" duration-ms="16778" started-at="2020-05-28T23:42:31 EDT" finished-at="2020-05-28T23:42:48 EDT">
          <reporter-output>
          </reporter-output>
        </test-method> <!-- setUp -->
        <test-method status="FAIL" signature="invalidLogin()[pri:0, instance:com.class04.MyListenerDeneme@7f13d6e]" name="invalidLogin" duration-ms="10" started-at="2020-05-28T23:42:48 EDT" finished-at="2020-05-28T23:42:48 EDT">
          <exception class="java.lang.AssertionError">
            <full-stacktrace>
              <![CDATA[java.lang.AssertionError
at org.junit.Assert.fail(Assert.java:86)
at org.junit.Assert.assertTrue(Assert.java:41)
at org.junit.Assert.assertTrue(Assert.java:52)
at com.class04.MyListenerDeneme.invalidLogin(MyListenerDeneme.java:17)
at sun.reflect.NativeMethodAccessorImpl.invoke0(Native Method)
at sun.reflect.NativeMethodAccessorImpl.invoke(Unknown Source)
at sun.reflect.DelegatingMethodAccessorImpl.invoke(Unknown Source)
at java.lang.reflect.Method.invoke(Unknown Source)
at org.testng.internal.MethodInvocationHelper.invokeMethod(MethodInvocationHelper.java:135)
at org.testng.internal.TestInvoker.invokeMethod(TestInvoker.java:598)
at org.testng.internal.TestInvoker.invokeTestMethod(TestInvoker.java:174)
at org.testng.internal.MethodRunner.runInSequence(MethodRunner.java:46)
at org.testng.internal.TestInvoker$MethodInvocationAgent.invoke(TestInvoker.java:821)
at org.testng.internal.TestInvoker.invokeTestMethods(TestInvoker.java:147)
at org.testng.internal.TestMethodWorker.invokeTestMethods(TestMethodWorker.java:146)
at org.testng.internal.TestMethodWorker.run(TestMethodWorker.java:128)
at java.util.ArrayList.forEach(Unknown Source)
at org.testng.TestRunner.privateRun(TestRunner.java:767)
at org.testng.TestRunner.run(TestRunner.java:588)
at org.testng.SuiteRunner.runTest(SuiteRunner.java:384)
at org.testng.SuiteRunner.runSequentially(SuiteRunner.java:378)
at org.testng.SuiteRunner.privateRun(SuiteRunner.java:337)
at org.testng.SuiteRunner.run(SuiteRunner.java:286)
at org.testng.SuiteRunnerWorker.runSuite(SuiteRunnerWorker.java:53)
at org.testng.SuiteRunnerWorker.run(SuiteRunnerWorker.java:96)
at org.testng.TestNG.runSuitesSequentially(TestNG.java:1214)
at org.testng.TestNG.runSuitesLocally(TestNG.java:1136)
at org.testng.TestNG.runSuites(TestNG.java:1066)
at org.testng.TestNG.run(TestNG.java:1034)
at org.testng.remote.AbstractRemoteTestNG.run(AbstractRemoteTestNG.java:115)
at org.testng.remote.RemoteTestNG.initAndRun(RemoteTestNG.java:251)
at org.testng.remote.RemoteTestNG.main(RemoteTestNG.java:77)
]]>
            </full-stacktrace>
          </exception> <!-- java.lang.AssertionError -->
          <reporter-output>
          </reporter-output>
        </test-method> <!-- invalidLogin -->
        <test-method status="PASS" signature="tearDown()[pri:0, instance:com.class04.MyListenerDeneme@7f13d6e]" name="tearDown" is-config="true" duration-ms="722" started-at="2020-05-28T23:42:49 EDT" finished-at="2020-05-28T23:42:49 EDT">
          <reporter-output>
          </reporter-output>
        </test-method> <!-- tearDown -->
        <test-method status="PASS" signature="setUp()[pri:0, instance:com.class04.MyListenerDeneme@7f13d6e]" name="setUp" is-config="true" duration-ms="20762" started-at="2020-05-28T23:42:49 EDT" finished-at="2020-05-28T23:43:10 EDT">
          <reporter-output>
          </reporter-output>
        </test-method> <!-- setUp -->
        <test-method status="PASS" signature="validLogin()[pri:0, instance:com.class04.MyListenerDeneme@7f13d6e]" name="validLogin" duration-ms="11756" started-at="2020-05-28T23:43:10 EDT" finished-at="2020-05-28T23:43:22 EDT">
          <reporter-output>
          </reporter-output>
        </test-method> <!-- validLogin -->
        <test-method status="PASS" signature="tearDown()[pri:0, instance:com.class04.MyListenerDeneme@7f13d6e]" name="tearDown" is-config="true" duration-ms="715" started-at="2020-05-28T23:43:22 EDT" finished-at="2020-05-28T23:43:23 EDT">
          <reporter-output>
          </reporter-output>
        </test-method> <!-- tearDown -->
      </class> <!-- com.class04.MyListenerDeneme -->
    </test> <!-- Test -->
  </suite> <!-- Suite -->
</testng-results>
